<?xml version="1.0" encoding="UTF-8"?>
<!-- Generated by org.testng.reporters.JUnitReportReporter -->
<testsuite hostname="shubhangi.sri.com" name="com.QaInfotech.PageObjects.AppTest" tests="1" failures="0" timestamp="28 Feb 2019 11:04:14 GMT" time="0.002" errors="0">
  <testcase name="testApp" time="0.002" classname="com.QaInfotech.PageObjects.AppTest"/>
</testsuite> <!-- com.QaInfotech.PageObjects.AppTest -->
